<?xml version="1.0" encoding="UTF-8"?>
<testsuite xmlns:xsi="http://www.w3.org/2001/XMLSchema-instance" xsi:noNamespaceSchemaLocation="https://maven.apache.org/surefire/maven-surefire-plugin/xsd/surefire-test-report-3.0.xsd" version="3.0" name="com.jcr.JcrLaptopsApplicationTests" time="4.127" tests="1" errors="0" skipped="0" failures="0">
  <properties>
[...]
</properties>
  <testcase name="contextLoads" classname="com.jcr.JcrLaptopsApplicationTests" time="0.721">
    <system-out><![CDATA[21:55:08.003 [main] INFO org.springframework.test.context.support.AnnotationConfigContextLoaderUtils -- Could not detect default configuration classes for test class [com.jcr.JcrLaptopsApplicationTests]: JcrLaptopsApplicationTests does not declare any static, non-private, non-final, nested classes annotated with @Configuration.
21:55:08.091 [main] INFO org.springframework.boot.test.context.SpringBootTestContextBootstrapper -- Found @SpringBootConfiguration com.jcr.JcrLaptopsApplication for test class com.jcr.JcrLaptopsApplicationTests

  .   ____          _            __ _ _
 /\\ / ___'_ __ _ _(_)_ __  __ _ \ \ \ \
( ( )\___ | '_ | '_| | '_ \/ _` | \ \ \ \
 \\/  ___)| |_)| | | | | || (_| |  ) ) ) )
  '  |____| .__|_| |_|_| |_\__, | / / / /
 =========|_|==============|___/=/_/_/_/
 :: Spring Boot ::                (v3.1.2)

2023-11-08T21:55:08.453-07:00  INFO 21872 --- [           main] com.jcr.JcrLaptopsApplicationTests       : Starting JcrLaptopsApplicationTests using Java 17.0.8.1 with PID 21872 (started by Orcblood in C:\Users\Orcblood\OneDrive - Grand Canyon University\CST - 323\workspaceCST-323\JCR-Laptops)
2023-11-08T21:55:08.454-07:00  INFO 21872 --- [           main] com.jcr.JcrLaptopsApplicationTests       : No active profile set, falling back to 1 default profile: "default"
2023-11-08T21:55:09.124-07:00  INFO 21872 --- [           main] .s.d.r.c.RepositoryConfigurationDelegate : Bootstrapping Spring Data JDBC repositories in DEFAULT mode.
2023-11-08T21:55:09.173-07:00  INFO 21872 --- [           main] .s.d.r.c.RepositoryConfigurationDelegate : Finished Spring Data repository scanning in 43 ms. Found 1 JDBC repository interfaces.
2023-11-08T21:55:09.547-07:00  INFO 21872 --- [           main] com.zaxxer.hikari.HikariDataSource       : HikariPool-1 - Starting...
2023-11-08T21:55:10.413-07:00  INFO 21872 --- [           main] com.zaxxer.hikari.pool.HikariPool        : HikariPool-1 - Added connection com.mysql.cj.jdbc.ConnectionImpl@13516600
2023-11-08T21:55:10.415-07:00  INFO 21872 --- [           main] com.zaxxer.hikari.HikariDataSource       : HikariPool-1 - Start completed.
2023-11-08T21:55:10.805-07:00  INFO 21872 --- [           main] o.s.s.web.DefaultSecurityFilterChain     : Will secure any request with [org.springframework.security.web.session.DisableEncodeUrlFilter@1bfa3893, org.springframework.security.web.context.request.async.WebAsyncManagerIntegrationFilter@70f85235, org.springframework.security.web.context.SecurityContextHolderFilter@4ebfb045, org.springframework.security.web.header.HeaderWriterFilter@608b35fa, org.springframework.security.web.authentication.logout.LogoutFilter@660296d5, org.springframework.security.web.authentication.UsernamePasswordAuthenticationFilter@31ab4859, org.springframework.security.web.savedrequest.RequestCacheAwareFilter@77c692b4, org.springframework.security.web.servletapi.SecurityContextHolderAwareRequestFilter@4bbc21bd, org.springframework.security.web.authentication.AnonymousAuthenticationFilter@3d6778d5, org.springframework.security.web.access.ExceptionTranslationFilter@26463a6, org.springframework.security.web.access.intercept.AuthorizationFilter@44aed6a4]
2023-11-08T21:55:11.261-07:00  INFO 21872 --- [           main] com.jcr.JcrLaptopsApplicationTests       : Started JcrLaptopsApplicationTests in 3.027 seconds (process running for 3.856)
]]></system-out>
  </testcase>
</testsuite>